# JRE version: OpenJDK Runtime Environment Microsoft-8035246 (17.0.8+7) (build 17.0.8+7-LTS)
# Java VM: OpenJDK 64-Bit Server VM Microsoft-8035246 (17.0.8+7-LTS, mixed mode, sharing, tiered, compressed oops, compressed class ptrs, g1 gc, windows-amd64)
GC Precious Log:
 CPUs: 4 total, 4 available
 Memory: 8083M
 Large Page Support: Disabled
 NUMA Support: Disabled
 Compressed Oops: Enabled (32-bit)
 Heap Region Size: 1M
 Heap Min Capacity: 8M
 Heap Initial Capacity: 128M
 Heap Max Capacity: 2G
 Pre-touch: Disabled
 Parallel Workers: 4
 Concurrent Workers: 1
 Concurrent Refinement Workers: 4
 Periodic GC: Disabled
Heap:
 garbage-first heap   total 289792K, used 233031K [0x0000000080000000, 0x0000000100000000)
  region size 1024K, 10 young (10240K), 3 survivors (3072K)
 Metaspace       used 108725K, committed 109952K, reserved 557056K
  class space    used 14624K, committed 15232K, reserved 425984K
GC Heap History (20 events):
Event: 111.253 GC heap before
{Heap before GC invocations=46 (full 0):
 garbage-first heap   total 289792K, used 234117K [0x0000000080000000, 0x0000000100000000)
  region size 1024K, 77 young (78848K), 3 survivors (3072K)
 Metaspace       used 98004K, committed 99008K, reserved 557056K
  class space    used 13426K, committed 13888K, reserved 425984K
}
Event: 111.284 GC heap after
{Heap after GC invocations=47 (full 0):
 garbage-first heap   total 289792K, used 170204K [0x0000000080000000, 0x0000000100000000)
  region size 1024K, 10 young (10240K), 10 survivors (10240K)
 Metaspace       used 98004K, committed 99008K, reserved 557056K
  class space    used 13426K, committed 13888K, reserved 425984K
}
Event: 126.749 GC heap before
{Heap before GC invocations=47 (full 0):
 garbage-first heap   total 289792K, used 232668K [0x0000000080000000, 0x0000000100000000)
  region size 1024K, 72 young (73728K), 10 survivors (10240K)
 Metaspace       used 102121K, committed 103104K, reserved 557056K
  class space    used 13805K, committed 14272K, reserved 425984K
}
Event: 126.786 GC heap after
{Heap after GC invocations=48 (full 0):
 garbage-first heap   total 289792K, used 178866K [0x0000000080000000, 0x0000000100000000)
  region size 1024K, 8 young (8192K), 8 survivors (8192K)
 Metaspace       used 102121K, committed 103104K, reserved 557056K
  class space    used 13805K, committed 14272K, reserved 425984K
}
Event: 138.888 GC heap before
{Heap before GC invocations=48 (full 0):
 garbage-first heap   total 289792K, used 235186K [0x0000000080000000, 0x0000000100000000)
  region size 1024K, 64 young (65536K), 8 survivors (8192K)
 Metaspace       used 102496K, committed 103552K, reserved 557056K
  class space    used 13841K, committed 14336K, reserved 425984K
}
Event: 138.921 GC heap after
{Heap after GC invocations=49 (full 0):
 garbage-first heap   total 289792K, used 187219K [0x0000000080000000, 0x0000000100000000)
  region size 1024K, 8 young (8192K), 8 survivors (8192K)
 Metaspace       used 102496K, committed 103552K, reserved 557056K
  class space    used 13841K, committed 14336K, reserved 425984K
}
Event: 140.144 GC heap before
{Heap before GC invocations=49 (full 0):
 garbage-first heap   total 289792K, used 237395K [0x0000000080000000, 0x0000000100000000)
  region size 1024K, 57 young (58368K), 8 survivors (8192K)
 Metaspace       used 102844K, committed 104064K, reserved 557056K
  class space    used 13896K, committed 14464K, reserved 425984K
}
Event: 140.184 GC heap after
{Heap after GC invocations=50 (full 0):
 garbage-first heap   total 289792K, used 197632K [0x0000000080000000, 0x0000000100000000)
  region size 1024K, 8 young (8192K), 8 survivors (8192K)
 Metaspace       used 102844K, committed 104064K, reserved 557056K
  class space    used 13896K, committed 14464K, reserved 425984K
}
Event: 142.235 GC heap before
{Heap before GC invocations=50 (full 0):
 garbage-first heap   total 289792K, used 239616K [0x0000000080000000, 0x0000000100000000)
  region size 1024K, 49 young (50176K), 8 survivors (8192K)
 Metaspace       used 106946K, committed 108160K, reserved 557056K
  class space    used 14472K, committed 15040K, reserved 425984K
}
Event: 142.276 GC heap after
{Heap after GC invocations=51 (full 0):
 garbage-first heap   total 289792K, used 205101K [0x0000000080000000, 0x0000000100000000)
  region size 1024K, 7 young (7168K), 7 survivors (7168K)
 Metaspace       used 106946K, committed 108160K, reserved 557056K
  class space    used 14472K, committed 15040K, reserved 425984K
}
Event: 143.117 GC heap before
{Heap before GC invocations=51 (full 0):
 garbage-first heap   total 289792K, used 241965K [0x0000000080000000, 0x0000000100000000)
  region size 1024K, 43 young (44032K), 7 survivors (7168K)
 Metaspace       used 107336K, committed 108544K, reserved 557056K
  class space    used 14500K, committed 15104K, reserved 425984K
}
Event: 143.159 GC heap after
{Heap after GC invocations=52 (full 0):
 garbage-first heap   total 289792K, used 212388K [0x0000000080000000, 0x0000000100000000)
  region size 1024K, 6 young (6144K), 6 survivors (6144K)
 Metaspace       used 107336K, committed 108544K, reserved 557056K
  class space    used 14500K, committed 15104K, reserved 425984K
}
Event: 143.699 GC heap before
{Heap before GC invocations=52 (full 0):
 garbage-first heap   total 289792K, used 243108K [0x0000000080000000, 0x0000000100000000)
  region size 1024K, 36 young (36864K), 6 survivors (6144K)
 Metaspace       used 107683K, committed 108864K, reserved 557056K
  class space    used 14531K, committed 15104K, reserved 425984K
}
Event: 143.729 GC heap after
{Heap after GC invocations=53 (full 0):
 garbage-first heap   total 289792K, used 218112K [0x0000000080000000, 0x0000000100000000)
  region size 1024K, 5 young (5120K), 5 survivors (5120K)
 Metaspace       used 107683K, committed 108864K, reserved 557056K
  class space    used 14531K, committed 15104K, reserved 425984K
}
Event: 144.852 GC heap before
{Heap before GC invocations=53 (full 0):
 garbage-first heap   total 289792K, used 244736K [0x0000000080000000, 0x0000000100000000)
  region size 1024K, 32 young (32768K), 5 survivors (5120K)
 Metaspace       used 108261K, committed 109504K, reserved 557056K
  class space    used 14586K, committed 15168K, reserved 425984K
}
Event: 144.872 GC heap after
{Heap after GC invocations=54 (full 0):
 garbage-first heap   total 289792K, used 221348K [0x0000000080000000, 0x0000000100000000)
  region size 1024K, 3 young (3072K), 3 survivors (3072K)
 Metaspace       used 108261K, committed 109504K, reserved 557056K
  class space    used 14586K, committed 15168K, reserved 425984K
}
Event: 146.485 GC heap before
{Heap before GC invocations=54 (full 0):
 garbage-first heap   total 289792K, used 245924K [0x0000000080000000, 0x0000000100000000)
  region size 1024K, 28 young (28672K), 3 survivors (3072K)
 Metaspace       used 108626K, committed 109888K, reserved 557056K
  class space    used 14624K, committed 15232K, reserved 425984K
}
Event: 146.500 GC heap after
{Heap after GC invocations=55 (full 0):
 garbage-first heap   total 289792K, used 223943K [0x0000000080000000, 0x0000000100000000)
  region size 1024K, 3 young (3072K), 3 survivors (3072K)
 Metaspace       used 108626K, committed 109888K, reserved 557056K
  class space    used 14624K, committed 15232K, reserved 425984K
}
Event: 147.592 GC heap before
{Heap before GC invocations=55 (full 0):
 garbage-first heap   total 289792K, used 247495K [0x0000000080000000, 0x0000000100000000)
  region size 1024K, 27 young (27648K), 3 survivors (3072K)
 Metaspace       used 108724K, committed 109952K, reserved 557056K
  class space    used 14624K, committed 15232K, reserved 425984K
}
Event: 147.603 GC heap after
{Heap after GC invocations=56 (full 0):
 garbage-first heap   total 289792K, used 226887K [0x0000000080000000, 0x0000000100000000)
  region size 1024K, 3 young (3072K), 3 survivors (3072K)
 Metaspace       used 108724K, committed 109952K, reserved 557056K
  class space    used 14624K, committed 15232K, reserved 425984K
}

